\BOOKMARK [1][-]{section.1}{\376\377\000N\000u\000m\000e\000r\000i\000\040\000i\000n\000\040\000b\000a\000s\000e\000\040\0002\000\040\000\050\000b\000i\000n\000a\000r\000i\000o\000\051}{}% 1
\BOOKMARK [2][-]{subsection.1.1}{\376\377\000R\000a\000p\000p\000r\000e\000s\000e\000n\000t\000a\000z\000i\000o\000n\000e\000\040\000d\000e\000i\000\040\000n\000u\000m\000e\000r\000i\000\040\000b\000i\000n\000a\000r\000i}{section.1}% 2
\BOOKMARK [2][-]{subsection.1.2}{\376\377\000C\000o\000n\000v\000e\000r\000s\000i\000o\000n\000e\000\040\000t\000r\000a\000\040\000d\000e\000c\000i\000m\000a\000l\000e\000\040\000e\000\040\000b\000i\000n\000a\000r\000i\000o}{section.1}% 3
\BOOKMARK [2][-]{subsection.1.3}{\376\377\000C\000o\000n\000v\000e\000r\000s\000i\000o\000n\000e\000\040\000t\000r\000a\000\040\000b\000i\000n\000a\000r\000i\000o\000\040\000e\000\040\000d\000e\000c\000i\000m\000a\000l\000e}{section.1}% 4
\BOOKMARK [2][-]{subsection.1.4}{\376\377\000E\000s\000e\000r\000c\000i\000z\000i\000\040\000s\000v\000o\000l\000t\000i}{section.1}% 5
\BOOKMARK [2][-]{subsection.1.5}{\376\377\000E\000s\000e\000r\000c\000i\000z\000i\000\040\000d\000a\000\040\000f\000a\000r\000e\000\040\000\050\000f\000i\000n\000c\000h\000\350\000\040\000n\000o\000n\000\040\000s\000i\000\040\000h\000a\000\040\000l\000a\000\040\000n\000a\000u\000s\000e\000a\000\040\000\050\000e\000m\000o\000j\000i\000\040\000f\000e\000l\000i\000c\000e\000\051\000\040\000\051}{section.1}% 6
\BOOKMARK [1][-]{section.2}{\376\377\000O\000p\000e\000r\000a\000z\000i\000o\000n\000i\000\040\000i\000n\000\040\000b\000i\000n\000a\000r\000i\000o}{}% 7
\BOOKMARK [2][-]{subsection.2.1}{\376\377\000A\000d\000d\000i\000z\000i\000o\000n\000e\000\040\000b\000i\000n\000a\000r\000i\000a}{section.2}% 8
\BOOKMARK [2][-]{subsection.2.2}{\376\377\000S\000o\000t\000t\000r\000a\000z\000i\000o\000n\000e\000\040\000b\000i\000n\000a\000r\000i\000a}{section.2}% 9
\BOOKMARK [2][-]{subsection.2.3}{\376\377\000E\000s\000e\000r\000c\000i\000z\000i\000\040\000s\000v\000o\000l\000t\000i}{section.2}% 10
\BOOKMARK [2][-]{subsection.2.4}{\376\377\000E\000s\000e\000r\000c\000i\000z\000i\000\040\000d\000a\000\040\000f\000a\000r\000e}{section.2}% 11
\BOOKMARK [1][-]{section.3}{\376\377\000N\000u\000m\000e\000r\000i\000\040\000e\000s\000a\000d\000e\000c\000i\000m\000a\000l\000i}{}% 12
\BOOKMARK [2][-]{subsection.3.1}{\376\377\000C\000o\000n\000c\000e\000t\000t\000i\000\040\000b\000a\000s\000e}{section.3}% 13
\BOOKMARK [2][-]{subsection.3.2}{\376\377\000C\000o\000n\000v\000e\000r\000s\000i\000o\000n\000e\000\040\000b\000i\000n\000a\000r\000i\000o\000\040\000<\000-\000>\000\040\000e\000s\000a\000d\000e\000c\000i\000m\000a\000l\000e}{section.3}% 14
\BOOKMARK [2][-]{subsection.3.3}{\376\377\000C\000o\000n\000v\000e\000r\000s\000i\000o\000n\000e\000\040\000e\000s\000a\000d\000e\000c\000i\000m\000a\000l\000e\000\040\000-\000>\000\040\000d\000e\000c\000i\000m\000a\000l\000e}{section.3}% 15
\BOOKMARK [2][-]{subsection.3.4}{\376\377\000C\000o\000n\000v\000e\000r\000t\000i\000r\000e\000\040\000d\000e\000c\000i\000m\000a\000l\000e\000\040\000i\000n\000\040\000e\000s\000a\000d\000e\000c\000i\000m\000a\000l\000e}{section.3}% 16
\BOOKMARK [2][-]{subsection.3.5}{\376\377\000E\000s\000e\000r\000c\000i\000z\000i\000\040\000s\000v\000o\000l\000t\000i}{section.3}% 17
\BOOKMARK [1][-]{section.4}{\376\377\000F\000l\000o\000a\000t\000i\000n\000g\000\040\000P\000o\000i\000n\000t\000\040\000\050\000v\000i\000r\000g\000o\000l\000a\000\040\000m\000o\000b\000i\000l\000e\000\051}{}% 18
\BOOKMARK [2][-]{subsection.4.1}{\376\377\000C\000o\000n\000c\000e\000t\000t\000i\000\040\000b\000a\000s\000e}{section.4}% 19
\BOOKMARK [2][-]{subsection.4.2}{}{section.4}% 20
\BOOKMARK [2][-]{subsection.4.3}{}{section.4}% 21
\BOOKMARK [1][-]{section.5}{\376\377\000P\000o\000r\000t\000e\000\040\000l\000o\000g\000i\000c\000h\000e}{}% 22
\BOOKMARK [2][-]{subsection.5.1}{\376\377\000P\000o\000r\000t\000e\000\040\000f\000o\000n\000d\000a\000m\000e\000n\000t\000a\000l\000i}{section.5}% 23
\BOOKMARK [2][-]{subsection.5.2}{\376\377\000T\000a\000b\000e\000l\000l\000e\000\040\000d\000i\000\040\000v\000e\000r\000i\000t\000\340}{section.5}% 24
\BOOKMARK [3][-]{subsubsection.5.2.1}{\376\377\000A\000N\000D\000\040\000\050\000L\000a\000\040\000u\000s\000o\000\040\000s\000e\000\040\000v\000o\000g\000l\000i\000o\000\040\000v\000e\000r\000i\000f\000i\000c\000a\000r\000e\000\040\000c\000h\000e\000\040\000T\000U\000T\000T\000E\000\040\000l\000e\000\040\000c\000o\000n\000d\000i\000z\000i\000o\000n\000i\000\040\000s\000o\000n\000o\000\040\000v\000e\000r\000e\000\051}{subsection.5.2}% 25
\BOOKMARK [3][-]{subsubsection.5.2.2}{\376\377\000O\000R\000\040\000\050\000L\000a\000\040\000u\000s\000o\000\040\000s\000e\000\040\000v\000o\000g\000l\000i\000o\000\040\000v\000e\000r\000i\000f\000i\000c\000a\000r\000e\000\040\000c\000h\000e\000\040\000A\000L\000M\000E\000N\000O\000\040\000u\000n\000a\000\040\000c\000o\000n\000d\000i\000z\000i\000o\000n\000e\000\040\000\350\000\040\000v\000e\000r\000a\000\051}{subsection.5.2}% 26
\BOOKMARK [3][-]{subsubsection.5.2.3}{\376\377\000N\000O\000T}{subsection.5.2}% 27
\BOOKMARK [3][-]{subsubsection.5.2.4}{\376\377\000X\000O\000R}{subsection.5.2}% 28
\BOOKMARK [2][-]{subsection.5.3}{\376\377\000E\000s\000e\000r\000c\000i\000z\000i\000\040\000s\000v\000o\000l\000t\000i}{section.5}% 29
\BOOKMARK [2][-]{subsection.5.4}{\376\377\000E\000s\000e\000r\000c\000i\000z\000i\000\040\000a\000v\000a\000n\000z\000a\000t\000i\000:\000\040\000C\000i\000r\000c\000u\000i\000t\000i\000\040\000c\000o\000m\000b\000i\000n\000a\000t\000o\000r\000i}{section.5}% 30
\BOOKMARK [2][-]{subsection.5.5}{\376\377\000E\000s\000e\000r\000c\000i\000z\000i\000\040\000d\000a\000\040\000f\000a\000r\000e}{section.5}% 31
