\BOOKMARK [1][-]{section.1}{\376\377\000I\000n\000t\000r\000o\000d\000u\000z\000i\000o\000n\000e}{}% 1
\BOOKMARK [1][-]{section.2}{\376\377\000M\000o\000d\000e\000l\000l\000o\000\040\000d\000i\000\040\000V\000o\000n\000\040\000N\000e\000u\000m\000a\000n\000n}{}% 2
\BOOKMARK [2][-]{subsection.2.1}{\376\377\000I\000l\000\040\000c\000o\000n\000c\000e\000t\000t\000o\000\040\000d\000i\000\040\000S\000t\000o\000r\000e\000d\000\040\000P\000r\000o\000g\000r\000a\000m}{section.2}% 3
\BOOKMARK [2][-]{subsection.2.2}{\376\377\000I\000l\000\040\000c\000o\000l\000l\000o\000\040\000d\000i\000\040\000b\000o\000t\000t\000i\000g\000l\000i\000a\000\040\000d\000i\000\040\000V\000o\000n\000\040\000N\000e\000u\000m\000a\000n\000n}{section.2}% 4
\BOOKMARK [1][-]{section.3}{\376\377\000C\000P\000U\000\040\000\050\000C\000e\000n\000t\000r\000a\000l\000\040\000P\000r\000o\000c\000e\000s\000s\000i\000n\000g\000\040\000U\000n\000i\000t\000\051}{}% 5
\BOOKMARK [2][-]{subsection.3.1}{\376\377\000C\000l\000o\000c\000k\000\040\000e\000\040\000f\000r\000e\000q\000u\000e\000n\000z\000a}{section.3}% 6
\BOOKMARK [1][-]{section.4}{\376\377\000A\000L\000U\000\040\000\050\000A\000r\000i\000t\000h\000m\000e\000t\000i\000c\000\040\000L\000o\000g\000i\000c\000\040\000U\000n\000i\000t\000\051}{}% 7
\BOOKMARK [2][-]{subsection.4.1}{\376\377\000O\000p\000e\000r\000a\000z\000i\000o\000n\000i\000\040\000a\000r\000i\000t\000m\000e\000t\000i\000c\000h\000e}{section.4}% 8
\BOOKMARK [2][-]{subsection.4.2}{\376\377\000O\000p\000e\000r\000a\000z\000i\000o\000n\000i\000\040\000l\000o\000g\000i\000c\000h\000e}{section.4}% 9
\BOOKMARK [2][-]{subsection.4.3}{\376\377\000O\000p\000e\000r\000a\000z\000i\000o\000n\000i\000\040\000d\000i\000\040\000c\000o\000n\000f\000r\000o\000n\000t\000o}{section.4}% 10
\BOOKMARK [1][-]{section.5}{\376\377\000R\000e\000g\000i\000s\000t\000r\000i}{}% 11
\BOOKMARK [2][-]{subsection.5.1}{\376\377\000R\000e\000g\000i\000s\000t\000r\000i\000\040\000p\000r\000i\000n\000c\000i\000p\000a\000l\000i}{section.5}% 12
\BOOKMARK [2][-]{subsection.5.2}{}{section.5}% 13
\BOOKMARK [1][-]{section.6}{\376\377\000G\000e\000r\000a\000r\000c\000h\000i\000a\000\040\000d\000i\000\040\000m\000e\000m\000o\000r\000i\000a}{}% 14
\BOOKMARK [1][-]{section.7}{\376\377\000B\000u\000s\000\040\000d\000i\000\040\000d\000a\000t\000i\000\040\000e\000\040\000i\000n\000d\000i\000r\000i\000z\000z\000i}{}% 15
\BOOKMARK [2][-]{subsection.7.1}{\376\377\000T\000i\000p\000i\000\040\000d\000i\000\040\000b\000u\000s}{section.7}% 16
\BOOKMARK [2][-]{subsection.7.2}{\376\377\000S\000i\000s\000t\000e\000m\000i\000\040\000a\000\040\0003\0002\000\040\000b\000i\000t\000\040\000v\000s\000\040\0006\0004\000\040\000b\000i\000t}{section.7}% 17
\BOOKMARK [1][-]{section.8}{\376\377\000C\000i\000c\000l\000o\000\040\000m\000a\000c\000c\000h\000i\000n\000a\000\040\000\050\000F\000e\000t\000c\000h\000-\000D\000e\000c\000o\000d\000e\000-\000E\000x\000e\000c\000u\000t\000e\000\051}{}% 18
\BOOKMARK [2][-]{subsection.8.1}{\376\377\000E\000s\000e\000m\000p\000i\000o\000\040\000p\000r\000a\000t\000i\000c\000o}{section.8}% 19
\BOOKMARK [2][-]{subsection.8.2}{\376\377\000P\000i\000p\000e\000l\000i\000n\000e\000\040\000e\000\040\000p\000a\000r\000a\000l\000l\000e\000l\000i\000s\000m\000o}{section.8}% 20
\BOOKMARK [1][-]{section.9}{\376\377\000L\000i\000n\000g\000u\000a\000g\000g\000i\000\040\000d\000i\000\040\000p\000r\000o\000g\000r\000a\000m\000m\000a\000z\000i\000o\000n\000e\000\040\000e\000\040\000h\000a\000r\000d\000w\000a\000r\000e}{}% 21
\BOOKMARK [2][-]{subsection.9.1}{\376\377\000L\000i\000v\000e\000l\000l\000i\000\040\000d\000i\000\040\000a\000s\000t\000r\000a\000z\000i\000o\000n\000e}{section.9}% 22
\BOOKMARK [2][-]{subsection.9.2}{\376\377\000C\000o\000m\000p\000i\000l\000a\000z\000i\000o\000n\000e\000\040\000v\000s\000\040\000I\000n\000t\000e\000r\000p\000r\000e\000t\000a\000z\000i\000o\000n\000e}{section.9}% 23
\BOOKMARK [1][-]{section.10}{\376\377\000C\000o\000n\000c\000e\000t\000t\000i\000\040\000e\000s\000s\000e\000n\000z\000i\000a\000l\000i\000\040\000p\000e\000r\000\040\000p\000r\000o\000g\000r\000a\000m\000m\000a\000t\000o\000r\000i}{}% 24
\BOOKMARK [2][-]{subsection.10.1}{\376\377\000R\000a\000p\000p\000r\000e\000s\000e\000n\000t\000a\000z\000i\000o\000n\000e\000\040\000d\000e\000i\000\040\000d\000a\000t\000i}{section.10}% 25
\BOOKMARK [2][-]{subsection.10.2}{\376\377\000M\000e\000m\000o\000r\000i\000a\000:\000\040\000u\000n\000i\000t\000\340\000\040\000d\000i\000\040\000m\000i\000s\000u\000r\000a\000\040\000e\000\040\000c\000o\000n\000v\000e\000r\000s\000i\000o\000n\000i}{section.10}% 26
\BOOKMARK [3][-]{subsubsection.10.2.1}{\376\377\000U\000n\000i\000t\000\340\000\040\000d\000i\000\040\000m\000i\000s\000u\000r\000a}{subsection.10.2}% 27
\BOOKMARK [3][-]{subsubsection.10.2.2}{\376\377\000F\000o\000r\000m\000u\000l\000e\000\040\000d\000i\000\040\000c\000o\000n\000v\000e\000r\000s\000i\000o\000n\000e}{subsection.10.2}% 28
\BOOKMARK [3][-]{subsubsection.10.2.3}{\376\377\000E\000s\000e\000r\000c\000i\000z\000i\000\040\000s\000v\000o\000l\000t\000i}{subsection.10.2}% 29
\BOOKMARK [3][-]{subsubsection.10.2.4}{\376\377\000E\000s\000e\000r\000c\000i\000z\000i\000\040\000d\000a\000\040\000s\000v\000o\000l\000g\000e\000r\000e}{subsection.10.2}% 30
\BOOKMARK [3][-]{subsubsection.10.2.5}{\376\377\000S\000o\000l\000u\000z\000i\000o\000n\000i\000\040\000d\000e\000g\000l\000i\000\040\000e\000s\000e\000r\000c\000i\000z\000i}{subsection.10.2}% 31
\BOOKMARK [2][-]{subsection.10.3}{\376\377\000P\000u\000n\000t\000a\000t\000o\000r\000i\000\040\000e\000\040\000i\000n\000d\000i\000r\000i\000z\000z\000i\000\040\000d\000i\000\040\000m\000e\000m\000o\000r\000i\000a}{section.10}% 32
\BOOKMARK [2][-]{subsection.10.4}{}{section.10}% 33
\BOOKMARK [2][-]{subsection.10.5}{}{section.10}% 34
\BOOKMARK [1][-]{section.11}{\376\377\000C\000o\000n\000c\000l\000u\000s\000i\000o\000n\000e}{}% 35
